Determining if the pthread_create exist failed with the following output:
Change Dir: /home/alexander/Рабочий стол/OOP/ex_08/build/CMakeFiles/CMakeTmp

Run Build Command:"/usr/bin/make" "cmTC_34835/fast"
/usr/bin/make -f CMakeFiles/cmTC_34835.dir/build.make CMakeFiles/cmTC_34835.dir/build
make[1]: вход в каталог «/home/alexander/Рабочий стол/OOP/ex_08/build/CMakeFiles/CMakeTmp»
Building C object CMakeFiles/cmTC_34835.dir/CheckSymbolExists.c.o
/usr/bin/cc    -o CMakeFiles/cmTC_34835.dir/CheckSymbolExists.c.o   -c "/home/alexander/Рабочий стол/OOP/ex_08/build/CMakeFiles/CMakeTmp/CheckSymbolExists.c"
Linking C executable cmTC_34835
/usr/bin/cmake -E cmake_link_script CMakeFiles/cmTC_34835.dir/link.txt --verbose=1
/usr/bin/cc      CMakeFiles/cmTC_34835.dir/CheckSymbolExists.c.o  -o cmTC_34835 
CMakeFiles/cmTC_34835.dir/CheckSymbolExists.c.o: In function `main':
CheckSymbolExists.c:(.text+0x1b): undefined reference to `pthread_create'
collect2: error: ld returned 1 exit status
CMakeFiles/cmTC_34835.dir/build.make:97: recipe for target 'cmTC_34835' failed
make[1]: *** [cmTC_34835] Error 1
make[1]: выход из каталога «/home/alexander/Рабочий стол/OOP/ex_08/build/CMakeFiles/CMakeTmp»
Makefile:126: recipe for target 'cmTC_34835/fast' failed
make: *** [cmTC_34835/fast] Error 2

File /home/alexander/Рабочий стол/OOP/ex_08/build/CMakeFiles/CMakeTmp/CheckSymbolExists.c:
/* */
#include <pthread.h>

int main(int argc, char** argv)
{
  (void)argv;
#ifndef pthread_create
  return ((int*)(&pthread_create))[argc];
#else
  (void)argc;
  return 0;
#endif
}

Determining if the function pthread_create exists in the pthreads failed with the following output:
Change Dir: /home/alexander/Рабочий стол/OOP/ex_08/build/CMakeFiles/CMakeTmp

Run Build Command:"/usr/bin/make" "cmTC_63287/fast"
/usr/bin/make -f CMakeFiles/cmTC_63287.dir/build.make CMakeFiles/cmTC_63287.dir/build
make[1]: вход в каталог «/home/alexander/Рабочий стол/OOP/ex_08/build/CMakeFiles/CMakeTmp»
Building C object CMakeFiles/cmTC_63287.dir/CheckFunctionExists.c.o
/usr/bin/cc   -DCHECK_FUNCTION_EXISTS=pthread_create   -o CMakeFiles/cmTC_63287.dir/CheckFunctionExists.c.o   -c /usr/share/cmake-3.10/Modules/CheckFunctionExists.c
Linking C executable cmTC_63287
/usr/bin/cmake -E cmake_link_script CMakeFiles/cmTC_63287.dir/link.txt --verbose=1
/usr/bin/cc  -DCHECK_FUNCTION_EXISTS=pthread_create    CMakeFiles/cmTC_63287.dir/CheckFunctionExists.c.o  -o cmTC_63287 -lpthreads 
/usr/bin/ld: cannot find -lpthreads
collect2: error: ld returned 1 exit status
CMakeFiles/cmTC_63287.dir/build.make:97: recipe for target 'cmTC_63287' failed
make[1]: *** [cmTC_63287] Error 1
make[1]: выход из каталога «/home/alexander/Рабочий стол/OOP/ex_08/build/CMakeFiles/CMakeTmp»
Makefile:126: recipe for target 'cmTC_63287/fast' failed
make: *** [cmTC_63287/fast] Error 2


